<?xml version="1.0" encoding="UTF-8"?>
<testsuite name="ServicesProject.LibraryTest" tests="1" skipped="0" failures="0" errors="0" timestamp="2020-06-11T12:48:05" hostname="HEDAYA" time="0.003">
  <properties/>
  <testcase name="testSomeLibraryMethod" classname="ServicesProject.LibraryTest" time="0.003"/>
  <system-out><![CDATA[]]></system-out>
  <system-err><![CDATA[]]></system-err>
</testsuite>
